w:\tomaz-stih\github\nice\scripts\windev\minimal\debug\vc142.pdb
w:\tomaz-stih\github\nice\scripts\windev\minimal\debug\vc142.idb
w:\tomaz-stih\github\nice\scripts\windev\minimal\debug\wnd.obj
w:\tomaz-stih\github\nice\scripts\windev\minimal\debug\raster.obj
w:\tomaz-stih\github\nice\scripts\windev\minimal\debug\native_wnd.obj
w:\tomaz-stih\github\nice\scripts\windev\minimal\debug\native_start.obj
w:\tomaz-stih\github\nice\scripts\windev\minimal\debug\native_artist.obj
w:\tomaz-stih\github\nice\scripts\windev\minimal\debug\native_app_wnd.obj
w:\tomaz-stih\github\nice\scripts\windev\minimal\debug\native_app.obj
w:\tomaz-stih\github\nice\scripts\windev\minimal\debug\app_wnd.obj
w:\tomaz-stih\github\nice\scripts\windev\minimal\debug\app.obj
w:\tomaz-stih\github\nice\scripts\windev\minimal\debug\1_minimal.obj
w:\tomaz-stih\github\nice\scripts\windev\minimal\debug\2_raster.obj
w:\tomaz-stih\github\nice\scripts\windev\minimal\debug\tut_raster.obj
w:\tomaz-stih\github\nice\scripts\windev\minimal\debug\minimal.exe
w:\tomaz-stih\github\nice\scripts\windev\minimal\debug\minimal.ilk
w:\tomaz-stih\github\nice\scripts\windev\minimal\debug\minimal.pdb
w:\tomaz-stih\github\nice\scripts\windev\minimal\debug\minimal.tlog\cl.command.1.tlog
w:\tomaz-stih\github\nice\scripts\windev\minimal\debug\minimal.tlog\cl.read.1.tlog
w:\tomaz-stih\github\nice\scripts\windev\minimal\debug\minimal.tlog\cl.write.1.tlog
w:\tomaz-stih\github\nice\scripts\windev\minimal\debug\minimal.tlog\link.command.1.tlog
w:\tomaz-stih\github\nice\scripts\windev\minimal\debug\minimal.tlog\link.read.1.tlog
w:\tomaz-stih\github\nice\scripts\windev\minimal\debug\minimal.tlog\link.write.1.tlog
